This file contains any messages produced by compilers while
running configure, to aid debugging if configure makes a mistake.

It was created by configure, which was
generated by GNU Autoconf 2.59.  Invocation command line was

  $ ./configure --with-ffmpeg=/home/jhoelscher/ffmpeg-install --prefix=/home/jhoelscher/MediaEncodingCluster-install --disable-shared --enable-static

## --------- ##
## Platform. ##
## --------- ##

hostname = hoschi
uname -m = i686
uname -r = 2.6.13-15-default
uname -s = Linux
uname -v = #1 Tue Sep 13 14:56:15 UTC 2005

/usr/bin/uname -p = unknown
/bin/uname -X     = unknown

/bin/arch              = i686
/usr/bin/arch -k       = unknown
/usr/convex/getsysinfo = unknown
hostinfo               = unknown
/bin/machine           = unknown
/usr/bin/oslevel       = unknown
/bin/universe          = unknown

PATH: /home/jhoelscher/bin
PATH: /usr/local/bin
PATH: /usr/bin
PATH: /usr/X11R6/bin
PATH: /bin
PATH: /usr/games
PATH: /opt/gnome/bin
PATH: /opt/kde3/bin
PATH: /usr/lib/mit/bin
PATH: /usr/lib/mit/sbin


## ----------- ##
## Core tests. ##
## ----------- ##

configure:1540: checking for a BSD-compatible install
configure:1595: result: /usr/bin/install -c
configure:1606: checking whether build environment is sane
configure:1649: result: yes
configure:1714: checking for gawk
configure:1730: found /usr/bin/gawk
configure:1740: result: gawk
configure:1750: checking whether make sets $(MAKE)
configure:1770: result: yes
configure:1997: checking for g++
configure:2013: found /usr/local/bin/g++
configure:2023: result: g++
configure:2039: checking for C++ compiler version
configure:2042: g++ --version </dev/null >&5
g++ (GCC) 4.0.2 20050901 (prerelease) (SUSE Linux)
Copyright (C) 2005 Free Software Foundation, Inc.
This is free software; see the source for copying conditions.  There is NO
warranty; not even for MERCHANTABILITY or FITNESS FOR A PARTICULAR PURPOSE.

configure:2045: $? = 0
configure:2047: g++ -v </dev/null >&5
Using built-in specs.
Target: i586-suse-linux
Configured with: ../configure --enable-threads=posix --prefix=/usr --with-local-prefix=/usr/local --infodir=/usr/share/info --mandir=/usr/share/man --libdir=/usr/lib --libexecdir=/usr/lib --enable-languages=c,c++,objc,f95,java,ada --disable-checking --with-gxx-include-dir=/usr/include/c++/4.0.2 --enable-java-awt=gtk --disable-libjava-multilib --with-slibdir=/lib --with-system-zlib --enable-shared --enable-__cxa_atexit --without-system-libunwind --host=i586-suse-linux
Thread model: posix
gcc version 4.0.2 20050901 (prerelease) (SUSE Linux)
configure:2050: $? = 0
configure:2052: g++ -V </dev/null >&5
g++: '-V' option must have argument
configure:2055: $? = 1
configure:2078: checking for C++ compiler default output file name
configure:2081: g++    conftest.cc  >&5
configure:2084: $? = 0
configure:2130: result: a.out
configure:2135: checking whether the C++ compiler works
configure:2141: ./a.out
configure:2144: $? = 0
configure:2161: result: yes
configure:2168: checking whether we are cross compiling
configure:2170: result: no
configure:2173: checking for suffix of executables
configure:2175: g++ -o conftest    conftest.cc  >&5
configure:2178: $? = 0
configure:2203: result: 
configure:2209: checking for suffix of object files
configure:2230: g++ -c   conftest.cc >&5
configure:2233: $? = 0
configure:2255: result: o
configure:2259: checking whether we are using the GNU C++ compiler
configure:2283: g++ -c   conftest.cc >&5
configure:2289: $? = 0
configure:2293: test -z 
			 || test ! -s conftest.err
configure:2296: $? = 0
configure:2299: test -s conftest.o
configure:2302: $? = 0
configure:2315: result: yes
configure:2321: checking whether g++ accepts -g
configure:2342: g++ -c -g  conftest.cc >&5
configure:2348: $? = 0
configure:2352: test -z 
			 || test ! -s conftest.err
configure:2355: $? = 0
configure:2358: test -s conftest.o
configure:2361: $? = 0
configure:2372: result: yes
configure:2414: g++ -c -g -O2  conftest.cc >&5
configure:2420: $? = 0
configure:2424: test -z 
			 || test ! -s conftest.err
configure:2427: $? = 0
configure:2430: test -s conftest.o
configure:2433: $? = 0
configure:2459: g++ -c -g -O2  conftest.cc >&5
conftest.cc: In function 'int main()':
conftest.cc:15: error: 'exit' was not declared in this scope
configure:2465: $? = 1
configure: failed program was:
| /* confdefs.h.  */
| 
| #define PACKAGE_NAME ""
| #define PACKAGE_TARNAME ""
| #define PACKAGE_VERSION ""
| #define PACKAGE_STRING ""
| #define PACKAGE_BUGREPORT ""
| #define PACKAGE "bruteripper"
| #define VERSION "0.1"
| /* end confdefs.h.  */
| 
| int
| main ()
| {
| exit (42);
|   ;
|   return 0;
| }
configure:2414: g++ -c -g -O2  conftest.cc >&5
configure:2420: $? = 0
configure:2424: test -z 
			 || test ! -s conftest.err
configure:2427: $? = 0
configure:2430: test -s conftest.o
configure:2433: $? = 0
configure:2459: g++ -c -g -O2  conftest.cc >&5
configure:2465: $? = 0
configure:2469: test -z 
			 || test ! -s conftest.err
configure:2472: $? = 0
configure:2475: test -s conftest.o
configure:2478: $? = 0
configure:2512: checking for style of include used by make
configure:2540: result: GNU
configure:2568: checking dependency style of g++
configure:2658: result: gcc3
configure:2753: checking build system type
configure:2771: result: i686-pc-linux-gnu
configure:2779: checking host system type
configure:2793: result: i686-pc-linux-gnu
configure:2847: checking for gcc
configure:2863: found /usr/local/bin/gcc
configure:2873: result: gcc
configure:3117: checking for C compiler version
configure:3120: gcc --version </dev/null >&5
gcc (GCC) 4.0.2 20050901 (prerelease) (SUSE Linux)
Copyright (C) 2005 Free Software Foundation, Inc.
This is free software; see the source for copying conditions.  There is NO
warranty; not even for MERCHANTABILITY or FITNESS FOR A PARTICULAR PURPOSE.

configure:3123: $? = 0
configure:3125: gcc -v </dev/null >&5
Using built-in specs.
Target: i586-suse-linux
Configured with: ../configure --enable-threads=posix --prefix=/usr --with-local-prefix=/usr/local --infodir=/usr/share/info --mandir=/usr/share/man --libdir=/usr/lib --libexecdir=/usr/lib --enable-languages=c,c++,objc,f95,java,ada --disable-checking --with-gxx-include-dir=/usr/include/c++/4.0.2 --enable-java-awt=gtk --disable-libjava-multilib --with-slibdir=/lib --with-system-zlib --enable-shared --enable-__cxa_atexit --without-system-libunwind --host=i586-suse-linux
Thread model: posix
gcc version 4.0.2 20050901 (prerelease) (SUSE Linux)
configure:3128: $? = 0
configure:3130: gcc -V </dev/null >&5
gcc: '-V' option must have argument
configure:3133: $? = 1
configure:3136: checking whether we are using the GNU C compiler
configure:3160: gcc -c   conftest.c >&5
configure:3166: $? = 0
configure:3170: test -z 
			 || test ! -s conftest.err
configure:3173: $? = 0
configure:3176: test -s conftest.o
configure:3179: $? = 0
configure:3192: result: yes
configure:3198: checking whether gcc accepts -g
configure:3219: gcc -c -g  conftest.c >&5
configure:3225: $? = 0
configure:3229: test -z 
			 || test ! -s conftest.err
configure:3232: $? = 0
configure:3235: test -s conftest.o
configure:3238: $? = 0
configure:3249: result: yes
configure:3266: checking for gcc option to accept ANSI C
configure:3336: gcc  -c -g -O2  conftest.c >&5
configure:3342: $? = 0
configure:3346: test -z 
			 || test ! -s conftest.err
configure:3349: $? = 0
configure:3352: test -s conftest.o
configure:3355: $? = 0
configure:3373: result: none needed
configure:3391: gcc -c -g -O2  conftest.c >&5
conftest.c:2: error: syntax error before 'me'
configure:3397: $? = 1
configure: failed program was:
| #ifndef __cplusplus
|   choke me
| #endif
configure:3532: checking dependency style of gcc
configure:3622: result: gcc3
configure:3639: checking for a sed that does not truncate output
configure:3693: result: /usr/bin/sed
configure:3696: checking for egrep
configure:3706: result: grep -E
configure:3722: checking for ld used by gcc
configure:3789: result: /usr/i586-suse-linux/bin/ld
configure:3798: checking if the linker (/usr/i586-suse-linux/bin/ld) is GNU ld
configure:3813: result: yes
configure:3818: checking for /usr/i586-suse-linux/bin/ld option to reload object files
configure:3825: result: -r
configure:3843: checking for BSD-compatible nm
configure:3885: result: /usr/bin/nm -B
configure:3889: checking whether ln -s works
configure:3893: result: yes
configure:3900: checking how to recognise dependent libraries
configure:4072: result: pass_all
configure:4286: checking how to run the C preprocessor
configure:4321: gcc -E  conftest.c
configure:4327: $? = 0
configure:4359: gcc -E  conftest.c
conftest.c:14:28: error: ac_nonexistent.h: No such file or directory
configure:4365: $? = 1
configure: failed program was:
| /* confdefs.h.  */
| 
| #define PACKAGE_NAME ""
| #define PACKAGE_TARNAME ""
| #define PACKAGE_VERSION ""
| #define PACKAGE_STRING ""
| #define PACKAGE_BUGREPORT ""
| #define PACKAGE "bruteripper"
| #define VERSION "0.1"
| #ifdef __cplusplus
| extern "C" void std::exit (int) throw (); using std::exit;
| #endif
| /* end confdefs.h.  */
| #include <ac_nonexistent.h>
configure:4404: result: gcc -E
configure:4428: gcc -E  conftest.c
configure:4434: $? = 0
configure:4466: gcc -E  conftest.c
conftest.c:14:28: error: ac_nonexistent.h: No such file or directory
configure:4472: $? = 1
configure: failed program was:
| /* confdefs.h.  */
| 
| #define PACKAGE_NAME ""
| #define PACKAGE_TARNAME ""
| #define PACKAGE_VERSION ""
| #define PACKAGE_STRING ""
| #define PACKAGE_BUGREPORT ""
| #define PACKAGE "bruteripper"
| #define VERSION "0.1"
| #ifdef __cplusplus
| extern "C" void std::exit (int) throw (); using std::exit;
| #endif
| /* end confdefs.h.  */
| #include <ac_nonexistent.h>
configure:4516: checking for ANSI C header files
configure:4541: gcc -c -g -O2  conftest.c >&5
configure:4547: $? = 0
configure:4551: test -z 
			 || test ! -s conftest.err
configure:4554: $? = 0
configure:4557: test -s conftest.o
configure:4560: $? = 0
configure:4649: gcc -o conftest -g -O2   conftest.c  >&5
conftest.c: In function 'main':
conftest.c:31: warning: incompatible implicit declaration of built-in function 'exit'
configure:4652: $? = 0
configure:4654: ./conftest
configure:4657: $? = 0
configure:4672: result: yes
configure:4696: checking for sys/types.h
configure:4712: gcc -c -g -O2  conftest.c >&5
configure:4718: $? = 0
configure:4722: test -z 
			 || test ! -s conftest.err
configure:4725: $? = 0
configure:4728: test -s conftest.o
configure:4731: $? = 0
configure:4742: result: yes
configure:4696: checking for sys/stat.h
configure:4712: gcc -c -g -O2  conftest.c >&5
configure:4718: $? = 0
configure:4722: test -z 
			 || test ! -s conftest.err
configure:4725: $? = 0
configure:4728: test -s conftest.o
configure:4731: $? = 0
configure:4742: result: yes
configure:4696: checking for stdlib.h
configure:4712: gcc -c -g -O2  conftest.c >&5
configure:4718: $? = 0
configure:4722: test -z 
			 || test ! -s conftest.err
configure:4725: $? = 0
configure:4728: test -s conftest.o
configure:4731: $? = 0
configure:4742: result: yes
configure:4696: checking for string.h
configure:4712: gcc -c -g -O2  conftest.c >&5
configure:4718: $? = 0
configure:4722: test -z 
			 || test ! -s conftest.err
configure:4725: $? = 0
configure:4728: test -s conftest.o
configure:4731: $? = 0
configure:4742: result: yes
configure:4696: checking for memory.h
configure:4712: gcc -c -g -O2  conftest.c >&5
configure:4718: $? = 0
configure:4722: test -z 
			 || test ! -s conftest.err
configure:4725: $? = 0
configure:4728: test -s conftest.o
configure:4731: $? = 0
configure:4742: result: yes
configure:4696: checking for strings.h
configure:4712: gcc -c -g -O2  conftest.c >&5
configure:4718: $? = 0
configure:4722: test -z 
			 || test ! -s conftest.err
configure:4725: $? = 0
configure:4728: test -s conftest.o
configure:4731: $? = 0
configure:4742: result: yes
configure:4696: checking for inttypes.h
configure:4712: gcc -c -g -O2  conftest.c >&5
configure:4718: $? = 0
configure:4722: test -z 
			 || test ! -s conftest.err
configure:4725: $? = 0
configure:4728: test -s conftest.o
configure:4731: $? = 0
configure:4742: result: yes
configure:4696: checking for stdint.h
configure:4712: gcc -c -g -O2  conftest.c >&5
configure:4718: $? = 0
configure:4722: test -z 
			 || test ! -s conftest.err
configure:4725: $? = 0
configure:4728: test -s conftest.o
configure:4731: $? = 0
configure:4742: result: yes
configure:4696: checking for unistd.h
configure:4712: gcc -c -g -O2  conftest.c >&5
configure:4718: $? = 0
configure:4722: test -z 
			 || test ! -s conftest.err
configure:4725: $? = 0
configure:4728: test -s conftest.o
configure:4731: $? = 0
configure:4742: result: yes
configure:4768: checking dlfcn.h usability
configure:4780: gcc -c -g -O2  conftest.c >&5
configure:4786: $? = 0
configure:4790: test -z 
			 || test ! -s conftest.err
configure:4793: $? = 0
configure:4796: test -s conftest.o
configure:4799: $? = 0
configure:4809: result: yes
configure:4813: checking dlfcn.h presence
configure:4823: gcc -E  conftest.c
configure:4829: $? = 0
configure:4849: result: yes
configure:4884: checking for dlfcn.h
configure:4891: result: yes
configure:4914: checking how to run the C++ preprocessor
configure:4945: g++ -E  conftest.cc
configure:4951: $? = 0
configure:4983: g++ -E  conftest.cc
conftest.cc:25:28: error: ac_nonexistent.h: No such file or directory
configure:4989: $? = 1
configure: failed program was:
| /* confdefs.h.  */
| 
| #define PACKAGE_NAME ""
| #define PACKAGE_TARNAME ""
| #define PACKAGE_VERSION ""
| #define PACKAGE_STRING ""
| #define PACKAGE_BUGREPORT ""
| #define PACKAGE "bruteripper"
| #define VERSION "0.1"
| #ifdef __cplusplus
| extern "C" void std::exit (int) throw (); using std::exit;
| #endif
| #define STDC_HEADERS 1
| #define HAVE_SYS_TYPES_H 1
| #define HAVE_SYS_STAT_H 1
| #define HAVE_STDLIB_H 1
| #define HAVE_STRING_H 1
| #define HAVE_MEMORY_H 1
| #define HAVE_STRINGS_H 1
| #define HAVE_INTTYPES_H 1
| #define HAVE_STDINT_H 1
| #define HAVE_UNISTD_H 1
| #define HAVE_DLFCN_H 1
| /* end confdefs.h.  */
| #include <ac_nonexistent.h>
configure:5028: result: g++ -E
configure:5052: g++ -E  conftest.cc
configure:5058: $? = 0
configure:5090: g++ -E  conftest.cc
conftest.cc:25:28: error: ac_nonexistent.h: No such file or directory
configure:5096: $? = 1
configure: failed program was:
| /* confdefs.h.  */
| 
| #define PACKAGE_NAME ""
| #define PACKAGE_TARNAME ""
| #define PACKAGE_VERSION ""
| #define PACKAGE_STRING ""
| #define PACKAGE_BUGREPORT ""
| #define PACKAGE "bruteripper"
| #define VERSION "0.1"
| #ifdef __cplusplus
| extern "C" void std::exit (int) throw (); using std::exit;
| #endif
| #define STDC_HEADERS 1
| #define HAVE_SYS_TYPES_H 1
| #define HAVE_SYS_STAT_H 1
| #define HAVE_STDLIB_H 1
| #define HAVE_STRING_H 1
| #define HAVE_MEMORY_H 1
| #define HAVE_STRINGS_H 1
| #define HAVE_INTTYPES_H 1
| #define HAVE_STDINT_H 1
| #define HAVE_UNISTD_H 1
| #define HAVE_DLFCN_H 1
| /* end confdefs.h.  */
| #include <ac_nonexistent.h>
configure:5193: checking for g77
configure:5222: result: no
configure:5193: checking for f77
configure:5222: result: no
configure:5193: checking for xlf
configure:5222: result: no
configure:5193: checking for frt
configure:5222: result: no
configure:5193: checking for pgf77
configure:5222: result: no
configure:5193: checking for fort77
configure:5222: result: no
configure:5193: checking for fl32
configure:5222: result: no
configure:5193: checking for af77
configure:5222: result: no
configure:5193: checking for f90
configure:5222: result: no
configure:5193: checking for xlf90
configure:5222: result: no
configure:5193: checking for pgf90
configure:5222: result: no
configure:5193: checking for epcf90
configure:5222: result: no
configure:5193: checking for f95
configure:5222: result: no
configure:5193: checking for fort
configure:5222: result: no
configure:5193: checking for xlf95
configure:5222: result: no
configure:5193: checking for ifc
configure:5222: result: no
configure:5193: checking for efc
configure:5222: result: no
configure:5193: checking for pgf95
configure:5222: result: no
configure:5193: checking for lf95
configure:5222: result: no
configure:5193: checking for gfortran
configure:5222: result: no
configure:5234: checking for Fortran 77 compiler version
configure:5237:  --version </dev/null >&5
./configure: line 5238: --version: command not found
configure:5240: $? = 127
configure:5242:  -v </dev/null >&5
./configure: line 5243: -v: command not found
configure:5245: $? = 127
configure:5247:  -V </dev/null >&5
./configure: line 5248: -V: command not found
configure:5250: $? = 127
configure:5258: checking whether we are using the GNU Fortran 77 compiler
configure:5272:  -c  conftest.F >&5
./configure: line 5273: -c: command not found
configure:5278: $? = 127
configure: failed program was:
|       program main
| #ifndef __GNUC__
|        choke me
| #endif
| 
|       end
configure:5304: result: no
configure:5310: checking whether  accepts -g
configure:5322:  -c -g conftest.f >&5
./configure: line 5323: -c: command not found
configure:5328: $? = 127
configure: failed program was:
|       program main
| 
|       end
configure:5353: result: no
configure:5383: checking the maximum length of command line arguments
configure:5475: result: 32768
configure:5486: checking command to parse /usr/bin/nm -B output from gcc object
configure:5582: g++ -c -g -O2  conftest.cc >&5
configure:5585: $? = 0
configure:5589: /usr/bin/nm -B conftest.o \| sed -n -e 's/^.*[ 	]\([ABCDGIRSTW][ABCDGIRSTW]*\)[ 	][ 	]*\([_A-Za-z][_A-Za-z0-9]*\)$/\1 \2 \2/p' \> conftest.nm
configure:5592: $? = 0
configure:5644: g++ -o conftest -g -O2   conftest.cc conftstm.o >&5
configure:5647: $? = 0
configure:5685: result: ok
configure:5689: checking for objdir
configure:5704: result: .libs
configure:5794: checking for ar
configure:5810: found /usr/bin/ar
configure:5821: result: ar
configure:5874: checking for ranlib
configure:5890: found /usr/bin/ranlib
configure:5901: result: ranlib
configure:5954: checking for strip
configure:5970: found /usr/bin/strip
configure:5981: result: strip
configure:6268: checking if gcc static flag  works
configure:6296: result: yes
configure:6314: checking if gcc supports -fno-rtti -fno-exceptions
configure:6332: gcc -c -g -O2  -fno-rtti -fno-exceptions conftest.c >&5
cc1: warning: command line option "-fno-rtti" is valid for C++/ObjC++ but not for C
configure:6336: $? = 0
configure:6349: result: no
configure:6364: checking for gcc option to produce PIC
configure:6568: result: -fPIC
configure:6576: checking if gcc PIC flag -fPIC works
configure:6594: gcc -c -g -O2  -fPIC -DPIC conftest.c >&5
configure:6598: $? = 0
configure:6611: result: yes
configure:6635: checking if gcc supports -c -o file.o
configure:6656: gcc -c -g -O2  -o out/conftest2.o conftest.c >&5
configure:6660: $? = 0
configure:6682: result: yes
configure:6708: checking whether the gcc linker (/usr/i586-suse-linux/bin/ld) supports shared libraries
configure:7604: result: yes
configure:7675: checking dynamic linker characteristics
configure:8221: result: GNU/Linux ld.so
configure:8225: checking how to hardcode library paths into programs
configure:8250: result: immediate
configure:8264: checking whether stripping libraries is possible
configure:8269: result: yes
configure:9099: checking if libtool supports shared libraries
configure:9101: result: yes
configure:9104: checking whether to build shared libraries
configure:9125: result: no
configure:9128: checking whether to build static libraries
configure:9132: result: yes
configure:9224: creating libtool
configure:9802: checking for ld used by g++
configure:9869: result: /usr/i586-suse-linux/bin/ld
configure:9878: checking if the linker (/usr/i586-suse-linux/bin/ld) is GNU ld
configure:9893: result: yes
configure:9944: checking whether the g++ linker (/usr/i586-suse-linux/bin/ld) supports shared libraries
configure:10831: result: yes
configure:10849: g++ -c -g -O2  conftest.cc >&5
configure:10852: $? = 0
configure:10948: checking for g++ option to produce PIC
configure:11216: result: -fPIC
configure:11224: checking if g++ PIC flag -fPIC works
configure:11242: g++ -c -g -O2  -fPIC -DPIC conftest.cc >&5
configure:11246: $? = 0
configure:11259: result: yes
configure:11283: checking if g++ supports -c -o file.o
configure:11304: g++ -c -g -O2  -o out/conftest2.o conftest.cc >&5
configure:11308: $? = 0
configure:11330: result: yes
configure:11356: checking whether the g++ linker (/usr/i586-suse-linux/bin/ld) supports shared libraries
configure:11381: result: yes
configure:11452: checking dynamic linker characteristics
configure:11998: result: GNU/Linux ld.so
configure:12002: checking how to hardcode library paths into programs
configure:12027: result: immediate
configure:12041: checking whether stripping libraries is possible
configure:12046: result: yes
configure:19723: creating ./config.status

## ---------------------- ##
## Running config.status. ##
## ---------------------- ##

This file was extended by config.status, which was
generated by GNU Autoconf 2.59.  Invocation command line was

  CONFIG_FILES    = 
  CONFIG_HEADERS  = 
  CONFIG_LINKS    = 
  CONFIG_COMMANDS = 
  $ ./config.status 

on hoschi

config.status:712: creating Makefile
config.status:712: creating src/Makefile
config.status:712: creating src/config/Makefile
config.status:712: creating src/framehive/Makefile
config.status:712: creating src/socket/Makefile
config.status:712: creating src/hivecontrol/Makefile
config.status:712: creating test/Makefile
config.status:895: executing depfiles commands

## ---------------- ##
## Cache variables. ##
## ---------------- ##

ac_cv_build=i686-pc-linux-gnu
ac_cv_build_alias=i686-pc-linux-gnu
ac_cv_c_compiler_gnu=yes
ac_cv_cxx_compiler_gnu=yes
ac_cv_env_CC_set=
ac_cv_env_CC_value=
ac_cv_env_CFLAGS_set=
ac_cv_env_CFLAGS_value=
ac_cv_env_CPPFLAGS_set=
ac_cv_env_CPPFLAGS_value=
ac_cv_env_CPP_set=
ac_cv_env_CPP_value=
ac_cv_env_CXXCPP_set=
ac_cv_env_CXXCPP_value=
ac_cv_env_CXXFLAGS_set=
ac_cv_env_CXXFLAGS_value=
ac_cv_env_CXX_set=
ac_cv_env_CXX_value=
ac_cv_env_F77_set=
ac_cv_env_F77_value=
ac_cv_env_FFLAGS_set=
ac_cv_env_FFLAGS_value=
ac_cv_env_LDFLAGS_set=
ac_cv_env_LDFLAGS_value=
ac_cv_env_build_alias_set=
ac_cv_env_build_alias_value=
ac_cv_env_host_alias_set=
ac_cv_env_host_alias_value=
ac_cv_env_target_alias_set=
ac_cv_env_target_alias_value=
ac_cv_exeext=
ac_cv_f77_compiler_gnu=no
ac_cv_header_dlfcn_h=yes
ac_cv_header_inttypes_h=yes
ac_cv_header_memory_h=yes
ac_cv_header_stdc=yes
ac_cv_header_stdint_h=yes
ac_cv_header_stdlib_h=yes
ac_cv_header_string_h=yes
ac_cv_header_strings_h=yes
ac_cv_header_sys_stat_h=yes
ac_cv_header_sys_types_h=yes
ac_cv_header_unistd_h=yes
ac_cv_host=i686-pc-linux-gnu
ac_cv_host_alias=i686-pc-linux-gnu
ac_cv_objext=o
ac_cv_path_install='/usr/bin/install -c'
ac_cv_prog_AWK=gawk
ac_cv_prog_CPP='gcc -E'
ac_cv_prog_CXXCPP='g++ -E'
ac_cv_prog_ac_ct_AR=ar
ac_cv_prog_ac_ct_CC=gcc
ac_cv_prog_ac_ct_CXX=g++
ac_cv_prog_ac_ct_RANLIB=ranlib
ac_cv_prog_ac_ct_STRIP=strip
ac_cv_prog_cc_g=yes
ac_cv_prog_cc_stdc=
ac_cv_prog_cxx_g=yes
ac_cv_prog_egrep='grep -E'
ac_cv_prog_f77_g=no
ac_cv_prog_make_make_set=yes
am_cv_CC_dependencies_compiler_type=gcc3
am_cv_CXX_dependencies_compiler_type=gcc3
lt_cv_deplibs_check_method=pass_all
lt_cv_file_magic_cmd='$MAGIC_CMD'
lt_cv_file_magic_test_file=
lt_cv_ld_reload_flag=-r
lt_cv_objdir=.libs
lt_cv_path_LD=/usr/i586-suse-linux/bin/ld
lt_cv_path_LDCXX=/usr/i586-suse-linux/bin/ld
lt_cv_path_NM='/usr/bin/nm -B'
lt_cv_path_SED=/usr/bin/sed
lt_cv_prog_compiler_c_o=yes
lt_cv_prog_compiler_c_o_CXX=yes
lt_cv_prog_compiler_rtti_exceptions=no
lt_cv_prog_gnu_ld=yes
lt_cv_prog_gnu_ldcxx=yes
lt_cv_sys_global_symbol_pipe='sed -n -e '\''s/^.*[ 	]\([ABCDGIRSTW][ABCDGIRSTW]*\)[ 	][ 	]*\([_A-Za-z][_A-Za-z0-9]*\)$/\1 \2 \2/p'\'''
lt_cv_sys_global_symbol_to_c_name_address='sed -n -e '\''s/^: \([^ ]*\) $/  {\"\1\", (lt_ptr) 0},/p'\'' -e '\''s/^[BCDEGRST] \([^ ]*\) \([^ ]*\)$/  {"\2", (lt_ptr) \&\2},/p'\'''
lt_cv_sys_global_symbol_to_cdecl='sed -n -e '\''s/^. .* \(.*\)$/extern int \1;/p'\'''
lt_cv_sys_max_cmd_len=32768
lt_lt_cv_prog_compiler_c_o='"yes"'
lt_lt_cv_prog_compiler_c_o_CXX='"yes"'
lt_lt_cv_sys_global_symbol_pipe='"sed -n -e '\''s/^.*[ 	]\\([ABCDGIRSTW][ABCDGIRSTW]*\\)[ 	][ 	]*\\([_A-Za-z][_A-Za-z0-9]*\\)\$/\\1 \\2 \\2/p'\''"'
lt_lt_cv_sys_global_symbol_to_c_name_address='"sed -n -e '\''s/^: \\([^ ]*\\) \$/  {\\\"\\1\\\", (lt_ptr) 0},/p'\'' -e '\''s/^[BCDEGRST] \\([^ ]*\\) \\([^ ]*\\)\$/  {\"\\2\", (lt_ptr) \\&\\2},/p'\''"'
lt_lt_cv_sys_global_symbol_to_cdecl='"sed -n -e '\''s/^. .* \\(.*\\)\$/extern int \\1;/p'\''"'

## ----------------- ##
## Output variables. ##
## ----------------- ##

ACLOCAL='${SHELL} /home/jhoelscher/MediaEncodingCluster/missing --run aclocal-1.9'
AMDEPBACKSLASH='\'
AMDEP_FALSE='#'
AMDEP_TRUE=''
AMTAR='${SHELL} /home/jhoelscher/MediaEncodingCluster/missing --run tar'
AR='ar'
AUTOCONF='${SHELL} /home/jhoelscher/MediaEncodingCluster/missing --run autoconf'
AUTOHEADER='${SHELL} /home/jhoelscher/MediaEncodingCluster/missing --run autoheader'
AUTOMAKE='${SHELL} /home/jhoelscher/MediaEncodingCluster/missing --run automake-1.9'
AWK='gawk'
CC='gcc'
CCDEPMODE='depmode=gcc3'
CFLAGS='-g -O2'
CPP='gcc -E'
CPPFLAGS=' -I/home/jhoelscher/ffmpeg-install/include/ffmpeg -D__STDC_CONSTANT_MACROS -Wall -Wno-switch  -Wdeclaration-after-statement -D_LARGEFILE_SOURCE -D_GNU_SOURCE'
CXX='g++'
CXXCPP='g++ -E'
CXXDEPMODE='depmode=gcc3'
CXXFLAGS='-g -O2'
CYGPATH_W='echo'
DEFS='-DPACKAGE_NAME=\"\" -DPACKAGE_TARNAME=\"\" -DPACKAGE_VERSION=\"\" -DPACKAGE_STRING=\"\" -DPACKAGE_BUGREPORT=\"\" -DPACKAGE=\"bruteripper\" -DVERSION=\"0.1\" -DSTDC_HEADERS=1 -DHAVE_SYS_TYPES_H=1 -DHAVE_SYS_STAT_H=1 -DHAVE_STDLIB_H=1 -DHAVE_STRING_H=1 -DHAVE_MEMORY_H=1 -DHAVE_STRINGS_H=1 -DHAVE_INTTYPES_H=1 -DHAVE_STDINT_H=1 -DHAVE_UNISTD_H=1 -DHAVE_DLFCN_H=1 '
DEPDIR='.deps'
ECHO='echo'
ECHO_C=''
ECHO_N='-n'
ECHO_T=''
EGREP='grep -E'
EXEEXT=''
F77=''
FFLAGS=''
INSTALL_DATA='${INSTALL} -m 644'
INSTALL_PROGRAM='${INSTALL}'
INSTALL_SCRIPT='${INSTALL}'
INSTALL_STRIP_PROGRAM='${SHELL} $(install_sh) -c -s'
LDFLAGS=' -L/home/jhoelscher/ffmpeg-install/lib -lavformat -lavcodec -lsqlite3 -lbz2 -lz -L/usr/lib/mysql -lmysqlclient'
LIBOBJS=''
LIBS=''
LIBTOOL='$(SHELL) $(top_builddir)/libtool'
LN_S='ln -s'
LTLIBOBJS=''
MAKEINFO='${SHELL} /home/jhoelscher/MediaEncodingCluster/missing --run makeinfo'
OBJEXT='o'
PACKAGE='bruteripper'
PACKAGE_BUGREPORT=''
PACKAGE_NAME=''
PACKAGE_STRING=''
PACKAGE_TARNAME=''
PACKAGE_VERSION=''
PATH_SEPARATOR=':'
RANLIB='ranlib'
SET_MAKE=''
SHELL='/bin/sh'
STRIP='strip'
VERSION='0.1'
ac_ct_AR='ar'
ac_ct_CC='gcc'
ac_ct_CXX='g++'
ac_ct_F77=''
ac_ct_RANLIB='ranlib'
ac_ct_STRIP='strip'
am__fastdepCC_FALSE='#'
am__fastdepCC_TRUE=''
am__fastdepCXX_FALSE='#'
am__fastdepCXX_TRUE=''
am__include='include'
am__leading_dot='.'
am__quote=''
am__tar='${AMTAR} chof - "$$tardir"'
am__untar='${AMTAR} xf -'
bindir='${exec_prefix}/bin'
build='i686-pc-linux-gnu'
build_alias=''
build_cpu='i686'
build_os='linux-gnu'
build_vendor='pc'
datadir='${prefix}/share'
exec_prefix='${prefix}'
host='i686-pc-linux-gnu'
host_alias=''
host_cpu='i686'
host_os='linux-gnu'
host_vendor='pc'
includedir='${prefix}/include'
infodir='${prefix}/info'
install_sh='/home/jhoelscher/MediaEncodingCluster/install-sh'
libdir='${exec_prefix}/lib'
libexecdir='${exec_prefix}/libexec'
localstatedir='${prefix}/var'
mandir='${prefix}/man'
mkdir_p='mkdir -p --'
oldincludedir='/usr/include'
prefix='/home/jhoelscher/MediaEncodingCluster-install'
program_transform_name='s,x,x,'
sbindir='${exec_prefix}/sbin'
sharedstatedir='${prefix}/com'
sysconfdir='${prefix}/etc'
target_alias=''

## ----------- ##
## confdefs.h. ##
## ----------- ##

#define HAVE_DLFCN_H 1
#define HAVE_INTTYPES_H 1
#define HAVE_MEMORY_H 1
#define HAVE_STDINT_H 1
#define HAVE_STDLIB_H 1
#define HAVE_STRINGS_H 1
#define HAVE_STRING_H 1
#define HAVE_SYS_STAT_H 1
#define HAVE_SYS_TYPES_H 1
#define HAVE_UNISTD_H 1
#define PACKAGE "bruteripper"
#define PACKAGE_BUGREPORT ""
#define PACKAGE_NAME ""
#define PACKAGE_STRING ""
#define PACKAGE_TARNAME ""
#define PACKAGE_VERSION ""
#define STDC_HEADERS 1
#define VERSION "0.1"
#endif
#ifdef __cplusplus
extern "C" void std::exit (int) throw (); using std::exit;

configure: exit 0

## ---------------------- ##
## Running config.status. ##
## ---------------------- ##

This file was extended by config.status, which was
generated by GNU Autoconf 2.59.  Invocation command line was

  CONFIG_FILES    = 
  CONFIG_HEADERS  = 
  CONFIG_LINKS    = 
  CONFIG_COMMANDS = 
  $ ./config.status src/socket/Makefile depfiles

on hoschi

config.status:712: creating src/socket/Makefile
config.status:895: executing depfiles commands
